{"D:\\Important files\\example-react-spec-app\\src\\App.js": {"path":"D:\\Important files\\example-react-spec-app\\src\\App.js","statementMap":{"0":{"start":{"line":5,"column":2},"end":{"line":9,"column":4}}},"fnMap":{"0":{"name":"App","decl":{"start":{"line":4,"column":24},"end":{"line":4,"column":27}},"loc":{"start":{"line":4,"column":29},"end":{"line":10,"column":1}},"line":4}},"branchMap":{},"s":{"0":0},"f":{"0":0},"b":{}}
,"D:\\Important files\\example-react-spec-app\\src\\index.js": {"path":"D:\\Important files\\example-react-spec-app\\src\\index.js","statementMap":{"0":{"start":{"line":6,"column":13},"end":{"line":6,"column":56}},"1":{"start":{"line":7,"column":0},"end":{"line":7,"column":21}}},"fnMap":{},"branchMap":{},"s":{"0":0,"1":0},"f":{},"b":{}}
,"D:\\Important files\\example-react-spec-app\\src\\components\\AddFeatureForm.jsx": {"path":"D:\\Important files\\example-react-spec-app\\src\\components\\AddFeatureForm.jsx","statementMap":{"0":{"start":{"line":5,"column":27},"end":{"line":5,"column":39}},"1":{"start":{"line":6,"column":25},"end":{"line":6,"column":37}},"2":{"start":{"line":7,"column":37},"end":{"line":7,"column":56}},"3":{"start":{"line":9,"column":4},"end":{"line":9,"column":23}},"4":{"start":{"line":10,"column":4},"end":{"line":10,"column":29}},"5":{"start":{"line":10,"column":22},"end":{"line":10,"column":29}},"6":{"start":{"line":11,"column":20},"end":{"line":11,"column":142}},"7":{"start":{"line":12,"column":4},"end":{"line":12,"column":19}},"8":{"start":{"line":13,"column":4},"end":{"line":13,"column":17}},"9":{"start":{"line":13,"column":18},"end":{"line":13,"column":30}},"10":{"start":{"line":13,"column":31},"end":{"line":13,"column":56}},"11":{"start":{"line":15,"column":2},"end":{"line":23,"column":4}},"12":{"start":{"line":17,"column":61},"end":{"line":17,"column":85}},"13":{"start":{"line":18,"column":66},"end":{"line":18,"column":89}},"14":{"start":{"line":20,"column":99},"end":{"line":20,"column":128}},"15":{"start":{"line":26,"column":0},"end":{"line":28,"column":2}}},"fnMap":{"0":{"name":"AddFeatureForm","decl":{"start":{"line":4,"column":24},"end":{"line":4,"column":38}},"loc":{"start":{"line":4,"column":47},"end":{"line":24,"column":1}},"line":4},"1":{"name":"submit","decl":{"start":{"line":8,"column":11},"end":{"line":8,"column":17}},"loc":{"start":{"line":8,"column":20},"end":{"line":14,"column":3}},"line":8},"2":{"name":"(anonymous_2)","decl":{"start":{"line":17,"column":58},"end":{"line":17,"column":59}},"loc":{"start":{"line":17,"column":61},"end":{"line":17,"column":85}},"line":17},"3":{"name":"(anonymous_3)","decl":{"start":{"line":18,"column":63},"end":{"line":18,"column":64}},"loc":{"start":{"line":18,"column":66},"end":{"line":18,"column":89}},"line":18},"4":{"name":"(anonymous_4)","decl":{"start":{"line":20,"column":96},"end":{"line":20,"column":97}},"loc":{"start":{"line":20,"column":99},"end":{"line":20,"column":128}},"line":20}},"branchMap":{"0":{"loc":{"start":{"line":10,"column":4},"end":{"line":10,"column":29}},"type":"if","locations":[{"start":{"line":10,"column":4},"end":{"line":10,"column":29}},{"start":{},"end":{}}],"line":10}},"s":{"0":5,"1":5,"2":5,"3":1,"4":1,"5":0,"6":1,"7":1,"8":1,"9":1,"10":1,"11":5,"12":1,"13":1,"14":1,"15":1},"f":{"0":5,"1":1,"2":1,"3":1,"4":1},"b":{"0":[0,1]},"_coverageSchema":"1a1c01bbd47fc00a2c39e90264f33305004495a9","hash":"da058f7126f9cb64cc45e4b32603db4a9e09052f"}
,"D:\\Important files\\example-react-spec-app\\src\\components\\FeatureCard.jsx": {"path":"D:\\Important files\\example-react-spec-app\\src\\components\\FeatureCard.jsx","statementMap":{"0":{"start":{"line":5,"column":2},"end":{"line":12,"column":4}},"1":{"start":{"line":15,"column":0},"end":{"line":23,"column":2}}},"fnMap":{"0":{"name":"FeatureCard","decl":{"start":{"line":4,"column":24},"end":{"line":4,"column":35}},"loc":{"start":{"line":4,"column":46},"end":{"line":13,"column":1}},"line":4}},"branchMap":{"0":{"loc":{"start":{"line":7,"column":154},"end":{"line":7,"column":189}},"type":"binary-expr","locations":[{"start":{"line":7,"column":154},"end":{"line":7,"column":172}},{"start":{"line":7,"column":176},"end":{"line":7,"column":189}}],"line":7}},"s":{"0":1,"1":1},"f":{"0":1},"b":{"0":[1,0]},"_coverageSchema":"1a1c01bbd47fc00a2c39e90264f33305004495a9","hash":"0339ca61f5b9f5c913b4842cf7d589cb342f7a0c"}
,"D:\\Important files\\example-react-spec-app\\src\\components\\FeatureTracker.jsx": {"path":"D:\\Important files\\example-react-spec-app\\src\\components\\FeatureTracker.jsx","statementMap":{"0":{"start":{"line":7,"column":34},"end":{"line":7,"column":46}},"1":{"start":{"line":8,"column":26},"end":{"line":8,"column":60}},"2":{"start":{"line":8,"column":46},"end":{"line":8,"column":58}},"3":{"start":{"line":9,"column":2},"end":{"line":17,"column":4}},"4":{"start":{"line":14,"column":27},"end":{"line":14,"column":65}}},"fnMap":{"0":{"name":"FeatureTracker","decl":{"start":{"line":6,"column":24},"end":{"line":6,"column":38}},"loc":{"start":{"line":6,"column":40},"end":{"line":18,"column":1}},"line":6},"1":{"name":"addFeature","decl":{"start":{"line":8,"column":11},"end":{"line":8,"column":21}},"loc":{"start":{"line":8,"column":24},"end":{"line":8,"column":62}},"line":8},"2":{"name":"(anonymous_2)","decl":{"start":{"line":8,"column":38},"end":{"line":8,"column":39}},"loc":{"start":{"line":8,"column":46},"end":{"line":8,"column":58}},"line":8},"3":{"name":"(anonymous_3)","decl":{"start":{"line":14,"column":22},"end":{"line":14,"column":23}},"loc":{"start":{"line":14,"column":27},"end":{"line":14,"column":65}},"line":14}},"branchMap":{},"s":{"0":2,"1":1,"2":1,"3":2,"4":1},"f":{"0":2,"1":1,"2":1,"3":1},"b":{},"_coverageSchema":"1a1c01bbd47fc00a2c39e90264f33305004495a9","hash":"8e7ecb4a8a89457eeb175ecd32dc9070fce186d4"}
}
