TN:
SF:src\App.js
FN:4,App
FNF:1
FNH:0
FNDA:0,App
DA:5,0
LF:1
LH:0
BRF:0
BRH:0
end_of_record
TN:
SF:src\index.js
FNF:0
FNH:0
DA:6,0
DA:7,0
LF:2
LH:0
BRF:0
BRH:0
end_of_record
TN:
SF:src\components\AddFeatureForm.jsx
FN:4,AddFeatureForm
FN:8,submit
FN:17,(anonymous_2)
FN:18,(anonymous_3)
FN:20,(anonymous_4)
FNF:5
FNH:5
FNDA:5,AddFeatureForm
FNDA:1,submit
FNDA:1,(anonymous_2)
FNDA:1,(anonymous_3)
FNDA:1,(anonymous_4)
DA:5,5
DA:6,5
DA:7,5
DA:9,1
DA:10,1
DA:11,1
DA:12,1
DA:13,1
DA:15,5
DA:17,1
DA:18,1
DA:20,1
DA:26,1
LF:13
LH:13
BRDA:10,0,0,0
BRDA:10,0,1,1
BRF:2
BRH:1
end_of_record
TN:
SF:src\components\FeatureCard.jsx
FN:4,FeatureCard
FNF:1
FNH:1
FNDA:1,FeatureCard
DA:5,1
DA:15,1
LF:2
LH:2
BRDA:7,0,0,1
BRDA:7,0,1,0
BRF:2
BRH:1
end_of_record
TN:
SF:src\components\FeatureTracker.jsx
FN:6,FeatureTracker
FN:8,addFeature
FN:8,(anonymous_2)
FN:14,(anonymous_3)
FNF:4
FNH:4
FNDA:2,FeatureTracker
FNDA:1,addFeature
FNDA:1,(anonymous_2)
FNDA:1,(anonymous_3)
DA:7,2
DA:8,1
DA:9,2
DA:14,1
LF:4
LH:4
BRF:0
BRH:0
end_of_record
